

Started GET "/oauth/google/redirect" for 127.0.0.1 at 2013-10-06 20:22:13 -0700
Processing by OAuthController#redirect_google as HTML
  Rendered text template (0.0ms)
Completed 200 OK in 9ms (Views: 8.6ms | ActiveRecord: 0.0ms)


Started GET "/oauth/google/redirect" for 127.0.0.1 at 2013-10-06 20:23:39 -0700

ActionController::RoutingError (undefined method `ssl_required' for OAuthController:Class):
  app/controllers/o_auth_controller.rb:3:in `<class:OAuthController>'
  app/controllers/o_auth_controller.rb:1:in `<top (required)>'


  Rendered /usr/local/rvm/gems/ruby-1.9.3-p392@rails3/gems/actionpack-3.2.3/lib/action_dispatch/middleware/templates/rescues/routing_error.erb within rescues/layout (2.6ms)


Started GET "/purchaseorders/new" for 127.0.0.1 at 2013-10-13 17:05:45 -0700

ActionController::RoutingError (No route matches [GET] "/purchaseorders/new"):
  actionpack (3.2.3) lib/action_dispatch/middleware/debug_exceptions.rb:21:in `call'
  actionpack (3.2.3) lib/action_dispatch/middleware/show_exceptions.rb:56:in `call'
  railties (3.2.3) lib/rails/rack/logger.rb:26:in `call_app'
  railties (3.2.3) lib/rails/rack/logger.rb:16:in `call'
  actionpack (3.2.3) lib/action_dispatch/middleware/request_id.rb:22:in `call'
  rack (1.4.5) lib/rack/methodoverride.rb:21:in `call'
  rack (1.4.5) lib/rack/runtime.rb:17:in `call'
  activesupport (3.2.3) lib/active_support/cache/strategy/local_cache.rb:72:in `call'
  rack (1.4.5) lib/rack/lock.rb:15:in `call'
  actionpack (3.2.3) lib/action_dispatch/middleware/static.rb:62:in `call'
  railties (3.2.3) lib/rails/engine.rb:479:in `call'
  railties (3.2.3) lib/rails/application.rb:220:in `call'
  rack (1.4.5) lib/rack/content_length.rb:14:in `call'
  railties (3.2.3) lib/rails/rack/log_tailer.rb:14:in `call'
  rack (1.4.5) lib/rack/handler/webrick.rb:59:in `service'
  /usr/local/rvm/rubies/ruby-1.9.3-p392/lib/ruby/1.9.1/webrick/httpserver.rb:138:in `service'
  /usr/local/rvm/rubies/ruby-1.9.3-p392/lib/ruby/1.9.1/webrick/httpserver.rb:94:in `run'
  /usr/local/rvm/rubies/ruby-1.9.3-p392/lib/ruby/1.9.1/webrick/server.rb:191:in `block in start_thread'


  Rendered /usr/local/rvm/gems/ruby-1.9.3-p392@rails3/gems/actionpack-3.2.3/lib/action_dispatch/middleware/templates/rescues/routing_error.erb within rescues/layout (3.2ms)


Started GET "/purchase_orders/new" for 127.0.0.1 at 2013-10-13 17:05:52 -0700
Processing by PurchaseOrdersController#new as HTML
Completed 500 Internal Server Error in 44ms

ActiveRecord::StatementInvalid (Could not find table 'purchase_orders'):
  app/controllers/purchase_orders_controller.rb:27:in `new'
  app/controllers/purchase_orders_controller.rb:27:in `new'


  Rendered /usr/local/rvm/gems/ruby-1.9.3-p392@rails3/gems/actionpack-3.2.3/lib/action_dispatch/middleware/templates/rescues/_trace.erb (2.1ms)
  Rendered /usr/local/rvm/gems/ruby-1.9.3-p392@rails3/gems/actionpack-3.2.3/lib/action_dispatch/middleware/templates/rescues/_request_and_response.erb (1.0ms)
  Rendered /usr/local/rvm/gems/ruby-1.9.3-p392@rails3/gems/actionpack-3.2.3/lib/action_dispatch/middleware/templates/rescues/diagnostics.erb within rescues/layout (9.6ms)
  [1m[36m (0.1ms)[0m  [1mselect sqlite_version(*)[0m
  [1m[35m (1.8ms)[0m  CREATE TABLE "schema_migrations" ("version" varchar(255) NOT NULL) 
  [1m[36m (0.0ms)[0m  [1mPRAGMA index_list("schema_migrations")[0m
  [1m[35m (1.0ms)[0m  CREATE UNIQUE INDEX "unique_schema_migrations" ON "schema_migrations" ("version")
  [1m[36m (0.1ms)[0m  [1mSELECT "schema_migrations"."version" FROM "schema_migrations" [0m
Migrating to CreatePurchaseOrders (20131013225427)
  [1m[35m (0.0ms)[0m  begin transaction
  [1m[36m (0.3ms)[0m  [1mCREATE TABLE "purchase_orders" ("id" INTEGER PRIMARY KEY AUTOINCREMENT NOT NULL, "status" varchar(255), "created_on" datetime, "created_by" varchar(255), "created_at" datetime NOT NULL, "updated_at" datetime NOT NULL) [0m
  [1m[35m (0.1ms)[0m  INSERT INTO "schema_migrations" ("version") VALUES ('20131013225427')
  [1m[36m (1.0ms)[0m  [1mcommit transaction[0m
Migrating to CreateLineItems (20131013225509)
  [1m[35m (0.0ms)[0m  begin transaction
  [1m[36m (0.3ms)[0m  [1mCREATE TABLE "line_items" ("id" INTEGER PRIMARY KEY AUTOINCREMENT NOT NULL, "order_id" integer, "description" varchar(255), "quantity" integer, "created_at" datetime NOT NULL, "updated_at" datetime NOT NULL) [0m
  [1m[35m (0.1ms)[0m  INSERT INTO "schema_migrations" ("version") VALUES ('20131013225509')
  [1m[36m (0.9ms)[0m  [1mcommit transaction[0m
  [1m[35m (0.3ms)[0m  select sqlite_version(*)
  [1m[36m (0.1ms)[0m  [1mSELECT "schema_migrations"."version" FROM "schema_migrations" [0m
  [1m[35m (0.0ms)[0m  PRAGMA index_list("line_items")
  [1m[36m (0.0ms)[0m  [1mPRAGMA index_list("purchase_orders")[0m


Started GET "/purchase_orders/new" for 127.0.0.1 at 2013-10-13 17:07:35 -0700
Processing by PurchaseOrdersController#new as HTML
  Rendered purchase_orders/_form.html.erb (14.9ms)
  Rendered purchase_orders/new.html.erb within layouts/application (39.7ms)
Compiled custom.css  (894ms)  (pid 95053)
Compiled line_items.css  (1ms)  (pid 95053)
Compiled purchase_orders.css  (1ms)  (pid 95053)
Compiled scaffolds.css  (9ms)  (pid 95053)
Compiled application.css  (958ms)  (pid 95053)
Compiled jquery.js  (1ms)  (pid 95053)
Compiled jquery_ujs.js  (0ms)  (pid 95053)
Compiled line_items.js  (51ms)  (pid 95053)
Compiled purchase_orders.js  (47ms)  (pid 95053)
Compiled application.js  (177ms)  (pid 95053)
Completed 200 OK in 1253ms (Views: 1215.8ms | ActiveRecord: 1.8ms)


Started GET "/assets/line_items.css?body=1" for 127.0.0.1 at 2013-10-13 17:07:37 -0700
Served asset /line_items.css - 200 OK (2ms)


Started GET "/assets/purchase_orders.css?body=1" for 127.0.0.1 at 2013-10-13 17:07:37 -0700
Served asset /purchase_orders.css - 200 OK (5ms)


Started GET "/assets/application.css?body=1" for 127.0.0.1 at 2013-10-13 17:07:37 -0700
Served asset /application.css - 304 Not Modified (11ms)


Started GET "/assets/scaffolds.css?body=1" for 127.0.0.1 at 2013-10-13 17:07:37 -0700
Served asset /scaffolds.css - 200 OK (1ms)


Started GET "/assets/custom.css?body=1" for 127.0.0.1 at 2013-10-13 17:07:37 -0700
Served asset /custom.css - 200 OK (4ms)


Started GET "/assets/line_items.js?body=1" for 127.0.0.1 at 2013-10-13 17:07:37 -0700
Served asset /line_items.js - 200 OK (2ms)


Started GET "/assets/purchase_orders.js?body=1" for 127.0.0.1 at 2013-10-13 17:07:37 -0700
Served asset /purchase_orders.js - 200 OK (1ms)


Started GET "/assets/jquery.js?body=1" for 127.0.0.1 at 2013-10-13 17:07:37 -0700
Served asset /jquery.js - 304 Not Modified (23ms)


Started GET "/assets/application.js?body=1" for 127.0.0.1 at 2013-10-13 17:07:37 -0700
Served asset /application.js - 304 Not Modified (5ms)


Started GET "/assets/jquery_ujs.js?body=1" for 127.0.0.1 at 2013-10-13 17:07:37 -0700
Served asset /jquery_ujs.js - 304 Not Modified (2ms)


Started POST "/purchase_orders" for 127.0.0.1 at 2013-10-13 17:08:13 -0700
Processing by PurchaseOrdersController#create as HTML
  Parameters: {"utf8"=>"✓", "authenticity_token"=>"cMPs0Sd/m/EJl/+y00PCQKTPo5QsOrnKOw2Zylr6JNg=", "purchase_order"=>{"status"=>"New", "created_on(1i)"=>"2013", "created_on(2i)"=>"10", "created_on(3i)"=>"13", "created_on(4i)"=>"05", "created_on(5i)"=>"10", "created_by"=>"Nate Slater"}, "commit"=>"Create Purchase order"}
  [1m[36m (0.1ms)[0m  [1mbegin transaction[0m
  [1m[35mSQL (5.3ms)[0m  INSERT INTO "purchase_orders" ("created_at", "created_by", "created_on", "status", "updated_at") VALUES (?, ?, ?, ?, ?)  [["created_at", Mon, 14 Oct 2013 00:08:13 UTC +00:00], ["created_by", "Nate Slater"], ["created_on", Sun, 13 Oct 2013 05:10:00 UTC +00:00], ["status", "New"], ["updated_at", Mon, 14 Oct 2013 00:08:13 UTC +00:00]]
  [1m[36m (1.2ms)[0m  [1mcommit transaction[0m
Redirected to http://localhost:3000/purchase_orders/1
Completed 302 Found in 11ms (ActiveRecord: 6.6ms)


Started GET "/purchase_orders/1" for 127.0.0.1 at 2013-10-13 17:08:13 -0700
Processing by PurchaseOrdersController#show as HTML
  Parameters: {"id"=>"1"}
  [1m[35mPurchaseOrder Load (0.2ms)[0m  SELECT "purchase_orders".* FROM "purchase_orders" WHERE "purchase_orders"."id" = ? LIMIT 1  [["id", "1"]]
  Rendered purchase_orders/show.html.erb within layouts/application (1.2ms)
Completed 200 OK in 9ms (Views: 6.7ms | ActiveRecord: 0.2ms)


Started GET "/assets/application.css?body=1" for 127.0.0.1 at 2013-10-13 17:08:13 -0700
Served asset /application.css - 304 Not Modified (0ms)


Started GET "/assets/application.js?body=1" for 127.0.0.1 at 2013-10-13 17:08:13 -0700
Served asset /application.js - 304 Not Modified (0ms)


Started GET "/assets/jquery_ujs.js?body=1" for 127.0.0.1 at 2013-10-13 17:08:13 -0700
Served asset /jquery_ujs.js - 304 Not Modified (0ms)


Started GET "/assets/jquery.js?body=1" for 127.0.0.1 at 2013-10-13 17:08:13 -0700
Served asset /jquery.js - 304 Not Modified (0ms)


Started GET "/purchase_orders/1/edit" for 127.0.0.1 at 2013-10-13 17:08:19 -0700
Processing by PurchaseOrdersController#edit as HTML
  Parameters: {"id"=>"1"}
  [1m[36mPurchaseOrder Load (0.1ms)[0m  [1mSELECT "purchase_orders".* FROM "purchase_orders" WHERE "purchase_orders"."id" = ? LIMIT 1[0m  [["id", "1"]]
  Rendered purchase_orders/_form.html.erb (26.1ms)
  Rendered purchase_orders/edit.html.erb within layouts/application (27.4ms)
Completed 200 OK in 33ms (Views: 31.7ms | ActiveRecord: 0.1ms)


Started GET "/assets/application.css?body=1" for 127.0.0.1 at 2013-10-13 17:08:19 -0700
Served asset /application.css - 304 Not Modified (0ms)


Started GET "/assets/jquery.js?body=1" for 127.0.0.1 at 2013-10-13 17:08:19 -0700
Served asset /jquery.js - 304 Not Modified (0ms)


Started GET "/assets/jquery_ujs.js?body=1" for 127.0.0.1 at 2013-10-13 17:08:19 -0700
Served asset /jquery_ujs.js - 304 Not Modified (0ms)


Started GET "/assets/application.js?body=1" for 127.0.0.1 at 2013-10-13 17:08:19 -0700
Served asset /application.js - 304 Not Modified (0ms)


Started GET "/line_items/new" for 127.0.0.1 at 2013-10-13 17:08:35 -0700
Processing by LineItemsController#new as HTML
  Rendered line_items/_form.html.erb (3.0ms)
  Rendered line_items/new.html.erb within layouts/application (4.0ms)
Completed 200 OK in 15ms (Views: 9.7ms | ActiveRecord: 0.3ms)


Started GET "/assets/application.css?body=1" for 127.0.0.1 at 2013-10-13 17:08:35 -0700
Served asset /application.css - 304 Not Modified (0ms)


Started GET "/assets/jquery_ujs.js?body=1" for 127.0.0.1 at 2013-10-13 17:08:35 -0700
Served asset /jquery_ujs.js - 304 Not Modified (0ms)


Started GET "/assets/jquery.js?body=1" for 127.0.0.1 at 2013-10-13 17:08:35 -0700
Served asset /jquery.js - 304 Not Modified (0ms)


Started GET "/assets/application.js?body=1" for 127.0.0.1 at 2013-10-13 17:08:35 -0700
Served asset /application.js - 304 Not Modified (0ms)


Started POST "/line_items" for 127.0.0.1 at 2013-10-13 17:08:53 -0700
Processing by LineItemsController#create as HTML
  Parameters: {"utf8"=>"✓", "authenticity_token"=>"cMPs0Sd/m/EJl/+y00PCQKTPo5QsOrnKOw2Zylr6JNg=", "line_item"=>{"order_id"=>"1", "description"=>"Item 1", "quantity"=>"10"}, "commit"=>"Create Line item"}
  [1m[35m (0.1ms)[0m  begin transaction
  [1m[36mSQL (0.5ms)[0m  [1mINSERT INTO "line_items" ("created_at", "description", "order_id", "quantity", "updated_at") VALUES (?, ?, ?, ?, ?)[0m  [["created_at", Mon, 14 Oct 2013 00:08:53 UTC +00:00], ["description", "Item 1"], ["order_id", 1], ["quantity", 10], ["updated_at", Mon, 14 Oct 2013 00:08:53 UTC +00:00]]
  [1m[35m (0.7ms)[0m  commit transaction
Redirected to http://localhost:3000/line_items/1
Completed 302 Found in 5ms (ActiveRecord: 1.3ms)


Started GET "/line_items/1" for 127.0.0.1 at 2013-10-13 17:08:53 -0700
Processing by LineItemsController#show as HTML
  Parameters: {"id"=>"1"}
  [1m[36mLineItem Load (0.3ms)[0m  [1mSELECT "line_items".* FROM "line_items" WHERE "line_items"."id" = ? LIMIT 1[0m  [["id", "1"]]
  Rendered line_items/show.html.erb within layouts/application (1.5ms)
Completed 200 OK in 9ms (Views: 6.9ms | ActiveRecord: 0.3ms)


Started GET "/assets/application.css?body=1" for 127.0.0.1 at 2013-10-13 17:08:54 -0700
Served asset /application.css - 304 Not Modified (0ms)


Started GET "/assets/jquery.js?body=1" for 127.0.0.1 at 2013-10-13 17:08:54 -0700
Served asset /jquery.js - 304 Not Modified (0ms)


Started GET "/assets/application.js?body=1" for 127.0.0.1 at 2013-10-13 17:08:54 -0700
Served asset /application.js - 304 Not Modified (0ms)


Started GET "/assets/jquery_ujs.js?body=1" for 127.0.0.1 at 2013-10-13 17:08:54 -0700
Served asset /jquery_ujs.js - 304 Not Modified (0ms)


Started GET "/line_items/1/edit" for 127.0.0.1 at 2013-10-13 17:23:44 -0700
Processing by LineItemsController#edit as HTML
  Parameters: {"id"=>"1"}
  [1m[36mLineItem Load (0.2ms)[0m  [1mSELECT "line_items".* FROM "line_items" WHERE "line_items"."id" = ? LIMIT 1[0m  [["id", "1"]]
  Rendered line_items/_form.html.erb (6.1ms)
  Rendered line_items/edit.html.erb within layouts/application (28.6ms)
Completed 200 OK in 96ms (Views: 58.1ms | ActiveRecord: 1.9ms)


Started GET "/assets/application.css?body=1" for 127.0.0.1 at 2013-10-13 17:23:45 -0700
Served asset /application.css - 304 Not Modified (33ms)


Started GET "/assets/purchase_orders.css?body=1" for 127.0.0.1 at 2013-10-13 17:23:45 -0700
Served asset /purchase_orders.css - 304 Not Modified (1ms)


Started GET "/assets/line_items.css?body=1" for 127.0.0.1 at 2013-10-13 17:23:45 -0700
Served asset /line_items.css - 304 Not Modified (1ms)


Started GET "/assets/jquery_ujs.js?body=1" for 127.0.0.1 at 2013-10-13 17:23:45 -0700
Served asset /jquery_ujs.js - 304 Not Modified (1ms)


Started GET "/assets/scaffolds.css?body=1" for 127.0.0.1 at 2013-10-13 17:23:45 -0700
Served asset /scaffolds.css - 304 Not Modified (1ms)


Started GET "/assets/jquery.js?body=1" for 127.0.0.1 at 2013-10-13 17:23:45 -0700
Served asset /jquery.js - 304 Not Modified (3ms)


Started GET "/assets/line_items.js?body=1" for 127.0.0.1 at 2013-10-13 17:23:45 -0700
Served asset /line_items.js - 304 Not Modified (0ms)


Started GET "/assets/purchase_orders.js?body=1" for 127.0.0.1 at 2013-10-13 17:23:45 -0700
Served asset /purchase_orders.js - 304 Not Modified (1ms)


Started GET "/assets/application.js?body=1" for 127.0.0.1 at 2013-10-13 17:23:45 -0700
Served asset /application.js - 304 Not Modified (3ms)


Started GET "/line_items/" for 127.0.0.1 at 2013-10-13 17:23:50 -0700
Processing by LineItemsController#index as HTML
  [1m[35mLineItem Load (0.2ms)[0m  SELECT "line_items".* FROM "line_items" 
  Rendered line_items/index.html.erb within layouts/application (1.5ms)
Completed 200 OK in 7ms (Views: 5.9ms | ActiveRecord: 0.2ms)


Started GET "/assets/application.css?body=1" for 127.0.0.1 at 2013-10-13 17:23:50 -0700
Served asset /application.css - 304 Not Modified (0ms)


Started GET "/assets/line_items.css?body=1" for 127.0.0.1 at 2013-10-13 17:23:50 -0700
Served asset /line_items.css - 304 Not Modified (0ms)


Started GET "/assets/purchase_orders.css?body=1" for 127.0.0.1 at 2013-10-13 17:23:50 -0700
Served asset /purchase_orders.css - 304 Not Modified (0ms)


Started GET "/assets/jquery.js?body=1" for 127.0.0.1 at 2013-10-13 17:23:50 -0700
Served asset /jquery.js - 304 Not Modified (0ms)


Started GET "/assets/scaffolds.css?body=1" for 127.0.0.1 at 2013-10-13 17:23:50 -0700
Served asset /scaffolds.css - 304 Not Modified (0ms)


Started GET "/assets/jquery_ujs.js?body=1" for 127.0.0.1 at 2013-10-13 17:23:50 -0700
Served asset /jquery_ujs.js - 304 Not Modified (0ms)


Started GET "/assets/line_items.js?body=1" for 127.0.0.1 at 2013-10-13 17:23:50 -0700
Served asset /line_items.js - 304 Not Modified (0ms)


Started GET "/assets/application.js?body=1" for 127.0.0.1 at 2013-10-13 17:23:50 -0700
Served asset /application.js - 304 Not Modified (0ms)


Started GET "/assets/purchase_orders.js?body=1" for 127.0.0.1 at 2013-10-13 17:23:50 -0700
Served asset /purchase_orders.js - 304 Not Modified (0ms)


Started GET "/purchase_orders/1/edit" for 127.0.0.1 at 2013-10-13 17:24:05 -0700
Processing by PurchaseOrdersController#edit as HTML
  Parameters: {"id"=>"1"}
  [1m[36mPurchaseOrder Load (0.1ms)[0m  [1mSELECT "purchase_orders".* FROM "purchase_orders" WHERE "purchase_orders"."id" = ? LIMIT 1[0m  [["id", "1"]]
  Rendered purchase_orders/_form.html.erb (7.7ms)
  Rendered purchase_orders/edit.html.erb within layouts/application (8.8ms)
Completed 200 OK in 19ms (Views: 13.4ms | ActiveRecord: 0.4ms)


Started GET "/assets/application.css?body=1" for 127.0.0.1 at 2013-10-13 17:24:05 -0700
Served asset /application.css - 304 Not Modified (0ms)


Started GET "/assets/jquery.js?body=1" for 127.0.0.1 at 2013-10-13 17:24:05 -0700
Served asset /jquery.js - 304 Not Modified (0ms)


Started GET "/assets/purchase_orders.css?body=1" for 127.0.0.1 at 2013-10-13 17:24:05 -0700
Served asset /purchase_orders.css - 304 Not Modified (0ms)


Started GET "/assets/line_items.css?body=1" for 127.0.0.1 at 2013-10-13 17:24:05 -0700
Served asset /line_items.css - 304 Not Modified (0ms)


Started GET "/assets/scaffolds.css?body=1" for 127.0.0.1 at 2013-10-13 17:24:05 -0700
Served asset /scaffolds.css - 304 Not Modified (0ms)


Started GET "/assets/jquery_ujs.js?body=1" for 127.0.0.1 at 2013-10-13 17:24:05 -0700
Served asset /jquery_ujs.js - 304 Not Modified (0ms)


Started GET "/assets/line_items.js?body=1" for 127.0.0.1 at 2013-10-13 17:24:05 -0700
Served asset /line_items.js - 304 Not Modified (0ms)


Started GET "/assets/purchase_orders.js?body=1" for 127.0.0.1 at 2013-10-13 17:24:05 -0700
Served asset /purchase_orders.js - 304 Not Modified (0ms)


Started GET "/assets/application.js?body=1" for 127.0.0.1 at 2013-10-13 17:24:05 -0700
Served asset /application.js - 304 Not Modified (0ms)


Started GET "/purchase_orders/1" for 127.0.0.1 at 2013-10-13 17:24:07 -0700
Processing by PurchaseOrdersController#show as HTML
  Parameters: {"id"=>"1"}
  [1m[35mPurchaseOrder Load (0.1ms)[0m  SELECT "purchase_orders".* FROM "purchase_orders" WHERE "purchase_orders"."id" = ? LIMIT 1  [["id", "1"]]
  Rendered purchase_orders/show.html.erb within layouts/application (1.1ms)
Completed 200 OK in 7ms (Views: 5.6ms | ActiveRecord: 0.1ms)


Started GET "/assets/application.css?body=1" for 127.0.0.1 at 2013-10-13 17:24:07 -0700
Served asset /application.css - 304 Not Modified (0ms)


Started GET "/assets/scaffolds.css?body=1" for 127.0.0.1 at 2013-10-13 17:24:07 -0700
Served asset /scaffolds.css - 304 Not Modified (0ms)


Started GET "/assets/purchase_orders.css?body=1" for 127.0.0.1 at 2013-10-13 17:24:07 -0700
Served asset /purchase_orders.css - 304 Not Modified (0ms)


Started GET "/assets/jquery_ujs.js?body=1" for 127.0.0.1 at 2013-10-13 17:24:07 -0700
Served asset /jquery_ujs.js - 304 Not Modified (0ms)


Started GET "/assets/jquery.js?body=1" for 127.0.0.1 at 2013-10-13 17:24:07 -0700
Served asset /jquery.js - 304 Not Modified (0ms)


Started GET "/assets/line_items.css?body=1" for 127.0.0.1 at 2013-10-13 17:24:07 -0700
Served asset /line_items.css - 304 Not Modified (0ms)


Started GET "/assets/line_items.js?body=1" for 127.0.0.1 at 2013-10-13 17:24:07 -0700
Served asset /line_items.js - 304 Not Modified (0ms)


Started GET "/assets/purchase_orders.js?body=1" for 127.0.0.1 at 2013-10-13 17:24:07 -0700
Served asset /purchase_orders.js - 304 Not Modified (0ms)


Started GET "/assets/application.js?body=1" for 127.0.0.1 at 2013-10-13 17:24:07 -0700
Served asset /application.js - 304 Not Modified (0ms)


Started GET "/purchase_orders/1/edit" for 127.0.0.1 at 2013-10-13 17:24:09 -0700
Processing by PurchaseOrdersController#edit as HTML
  Parameters: {"id"=>"1"}
  [1m[36mPurchaseOrder Load (0.2ms)[0m  [1mSELECT "purchase_orders".* FROM "purchase_orders" WHERE "purchase_orders"."id" = ? LIMIT 1[0m  [["id", "1"]]
  Rendered purchase_orders/_form.html.erb (5.4ms)
  Rendered purchase_orders/edit.html.erb within layouts/application (6.2ms)
Completed 200 OK in 11ms (Views: 10.2ms | ActiveRecord: 0.2ms)


Started GET "/assets/line_items.css?body=1" for 127.0.0.1 at 2013-10-13 17:24:09 -0700
Served asset /line_items.css - 304 Not Modified (0ms)


Started GET "/assets/application.css?body=1" for 127.0.0.1 at 2013-10-13 17:24:09 -0700
Served asset /application.css - 304 Not Modified (0ms)


Started GET "/assets/purchase_orders.css?body=1" for 127.0.0.1 at 2013-10-13 17:24:09 -0700
Served asset /purchase_orders.css - 304 Not Modified (0ms)


Started GET "/assets/jquery_ujs.js?body=1" for 127.0.0.1 at 2013-10-13 17:24:09 -0700
Served asset /jquery_ujs.js - 304 Not Modified (0ms)


Started GET "/assets/jquery.js?body=1" for 127.0.0.1 at 2013-10-13 17:24:09 -0700
Served asset /jquery.js - 304 Not Modified (0ms)


Started GET "/assets/line_items.js?body=1" for 127.0.0.1 at 2013-10-13 17:24:09 -0700
Served asset /line_items.js - 304 Not Modified (0ms)


Started GET "/assets/purchase_orders.js?body=1" for 127.0.0.1 at 2013-10-13 17:24:09 -0700
Served asset /purchase_orders.js - 304 Not Modified (0ms)


Started GET "/assets/application.js?body=1" for 127.0.0.1 at 2013-10-13 17:24:09 -0700
Served asset /application.js - 304 Not Modified (0ms)


Started GET "/servicebus/receive-event" for 127.0.0.1 at 2013-10-13 19:57:38 -0700
Processing by ServiceBusController#receive_event as HTML
Completed 500 Internal Server Error in 12ms

ActionView::MissingTemplate (Missing template service_bus/receive_event, application/receive_event with {:locale=>[:en], :formats=>[:html], :handlers=>[:erb, :builder, :coffee]}. Searched in:
  * "/Users/nslater/src/ruby/IntegrationDemos/app/views"
):
  actionpack (3.2.3) lib/action_view/path_set.rb:58:in `find'
  actionpack (3.2.3) lib/action_view/lookup_context.rb:109:in `find'
  actionpack (3.2.3) lib/action_view/renderer/abstract_renderer.rb:3:in `find_template'
  actionpack (3.2.3) lib/action_view/renderer/template_renderer.rb:34:in `determine_template'
  actionpack (3.2.3) lib/action_view/renderer/template_renderer.rb:10:in `render'
  actionpack (3.2.3) lib/action_view/renderer/renderer.rb:36:in `render_template'
  actionpack (3.2.3) lib/action_view/renderer/renderer.rb:17:in `render'
  actionpack (3.2.3) lib/abstract_controller/rendering.rb:110:in `_render_template'
  actionpack (3.2.3) lib/action_controller/metal/streaming.rb:225:in `_render_template'
  actionpack (3.2.3) lib/abstract_controller/rendering.rb:103:in `render_to_body'
  actionpack (3.2.3) lib/action_controller/metal/renderers.rb:28:in `render_to_body'
  actionpack (3.2.3) lib/action_controller/metal/compatibility.rb:50:in `render_to_body'
  actionpack (3.2.3) lib/abstract_controller/rendering.rb:88:in `render'
  actionpack (3.2.3) lib/action_controller/metal/rendering.rb:16:in `render'
  actionpack (3.2.3) lib/action_controller/metal/instrumentation.rb:40:in `block (2 levels) in render'
  activesupport (3.2.3) lib/active_support/core_ext/benchmark.rb:5:in `block in ms'
  /usr/local/rvm/rubies/ruby-1.9.3-p392/lib/ruby/1.9.1/benchmark.rb:295:in `realtime'
  activesupport (3.2.3) lib/active_support/core_ext/benchmark.rb:5:in `ms'
  actionpack (3.2.3) lib/action_controller/metal/instrumentation.rb:40:in `block in render'
  actionpack (3.2.3) lib/action_controller/metal/instrumentation.rb:83:in `cleanup_view_runtime'
  activerecord (3.2.3) lib/active_record/railties/controller_runtime.rb:24:in `cleanup_view_runtime'
  actionpack (3.2.3) lib/action_controller/metal/instrumentation.rb:39:in `render'
  actionpack (3.2.3) lib/action_controller/metal/implicit_render.rb:10:in `default_render'
  actionpack (3.2.3) lib/action_controller/metal/implicit_render.rb:5:in `send_action'
  actionpack (3.2.3) lib/abstract_controller/base.rb:167:in `process_action'
  actionpack (3.2.3) lib/action_controller/metal/rendering.rb:10:in `process_action'
  actionpack (3.2.3) lib/abstract_controller/callbacks.rb:18:in `block in process_action'
  activesupport (3.2.3) lib/active_support/callbacks.rb:414:in `_run__3779925776622431280__process_action__1109877957242298410__callbacks'
  activesupport (3.2.3) lib/active_support/callbacks.rb:405:in `__run_callback'
  activesupport (3.2.3) lib/active_support/callbacks.rb:385:in `_run_process_action_callbacks'
  activesupport (3.2.3) lib/active_support/callbacks.rb:81:in `run_callbacks'
  actionpack (3.2.3) lib/abstract_controller/callbacks.rb:17:in `process_action'
  actionpack (3.2.3) lib/action_controller/metal/rescue.rb:29:in `process_action'
  actionpack (3.2.3) lib/action_controller/metal/instrumentation.rb:30:in `block in process_action'
  activesupport (3.2.3) lib/active_support/notifications.rb:123:in `block in instrument'
  activesupport (3.2.3) lib/active_support/notifications/instrumenter.rb:20:in `instrument'
  activesupport (3.2.3) lib/active_support/notifications.rb:123:in `instrument'
  actionpack (3.2.3) lib/action_controller/metal/instrumentation.rb:29:in `process_action'
  actionpack (3.2.3) lib/action_controller/metal/params_wrapper.rb:205:in `process_action'
  activerecord (3.2.3) lib/active_record/railties/controller_runtime.rb:18:in `process_action'
  actionpack (3.2.3) lib/abstract_controller/base.rb:121:in `process'
  actionpack (3.2.3) lib/abstract_controller/rendering.rb:45:in `process'
  actionpack (3.2.3) lib/action_controller/metal.rb:203:in `dispatch'
  actionpack (3.2.3) lib/action_controller/metal/rack_delegation.rb:14:in `dispatch'
  actionpack (3.2.3) lib/action_controller/metal.rb:246:in `block in action'
  actionpack (3.2.3) lib/action_dispatch/routing/route_set.rb:73:in `call'
  actionpack (3.2.3) lib/action_dispatch/routing/route_set.rb:73:in `dispatch'
  actionpack (3.2.3) lib/action_dispatch/routing/route_set.rb:36:in `call'
  journey (1.0.4) lib/journey/router.rb:68:in `block in call'
  journey (1.0.4) lib/journey/router.rb:56:in `each'
  journey (1.0.4) lib/journey/router.rb:56:in `call'
  actionpack (3.2.3) lib/action_dispatch/routing/route_set.rb:600:in `call'
  actionpack (3.2.3) lib/action_dispatch/middleware/best_standards_support.rb:17:in `call'
  rack (1.4.5) lib/rack/etag.rb:23:in `call'
  rack (1.4.5) lib/rack/conditionalget.rb:25:in `call'
  actionpack (3.2.3) lib/action_dispatch/middleware/head.rb:14:in `call'
  actionpack (3.2.3) lib/action_dispatch/middleware/params_parser.rb:21:in `call'
  actionpack (3.2.3) lib/action_dispatch/middleware/flash.rb:242:in `call'
  rack (1.4.5) lib/rack/session/abstract/id.rb:210:in `context'
  rack (1.4.5) lib/rack/session/abstract/id.rb:205:in `call'
  actionpack (3.2.3) lib/action_dispatch/middleware/cookies.rb:338:in `call'
  activerecord (3.2.3) lib/active_record/query_cache.rb:64:in `call'
  activerecord (3.2.3) lib/active_record/connection_adapters/abstract/connection_pool.rb:467:in `call'
  actionpack (3.2.3) lib/action_dispatch/middleware/callbacks.rb:28:in `block in call'
  activesupport (3.2.3) lib/active_support/callbacks.rb:405:in `_run__2930364604382392116__call__1823162363848690601__callbacks'
  activesupport (3.2.3) lib/active_support/callbacks.rb:405:in `__run_callback'
  activesupport (3.2.3) lib/active_support/callbacks.rb:385:in `_run_call_callbacks'
  activesupport (3.2.3) lib/active_support/callbacks.rb:81:in `run_callbacks'
  actionpack (3.2.3) lib/action_dispatch/middleware/callbacks.rb:27:in `call'
  actionpack (3.2.3) lib/action_dispatch/middleware/reloader.rb:65:in `call'
  actionpack (3.2.3) lib/action_dispatch/middleware/remote_ip.rb:31:in `call'
  actionpack (3.2.3) lib/action_dispatch/middleware/debug_exceptions.rb:16:in `call'
  actionpack (3.2.3) lib/action_dispatch/middleware/show_exceptions.rb:56:in `call'
  railties (3.2.3) lib/rails/rack/logger.rb:26:in `call_app'
  railties (3.2.3) lib/rails/rack/logger.rb:16:in `call'
  actionpack (3.2.3) lib/action_dispatch/middleware/request_id.rb:22:in `call'
  rack (1.4.5) lib/rack/methodoverride.rb:21:in `call'
  rack (1.4.5) lib/rack/runtime.rb:17:in `call'
  activesupport (3.2.3) lib/active_support/cache/strategy/local_cache.rb:72:in `call'
  rack (1.4.5) lib/rack/lock.rb:15:in `call'
  actionpack (3.2.3) lib/action_dispatch/middleware/static.rb:62:in `call'
  railties (3.2.3) lib/rails/engine.rb:479:in `call'
  railties (3.2.3) lib/rails/application.rb:220:in `call'
  rack (1.4.5) lib/rack/content_length.rb:14:in `call'
  railties (3.2.3) lib/rails/rack/log_tailer.rb:14:in `call'
  rack (1.4.5) lib/rack/handler/webrick.rb:59:in `service'
  /usr/local/rvm/rubies/ruby-1.9.3-p392/lib/ruby/1.9.1/webrick/httpserver.rb:138:in `service'
  /usr/local/rvm/rubies/ruby-1.9.3-p392/lib/ruby/1.9.1/webrick/httpserver.rb:94:in `run'
  /usr/local/rvm/rubies/ruby-1.9.3-p392/lib/ruby/1.9.1/webrick/server.rb:191:in `block in start_thread'


  Rendered /usr/local/rvm/gems/ruby-1.9.3-p392@rails3/gems/actionpack-3.2.3/lib/action_dispatch/middleware/templates/rescues/missing_template.erb within rescues/layout (20.8ms)


Started GET "/servicebus/receive-event" for 127.0.0.1 at 2013-10-13 19:58:16 -0700
Processing by ServiceBusController#receive_event as HTML
Completed 500 Internal Server Error in 1ms

ActionView::MissingTemplate (Missing template service_bus/receive_event, application/receive_event with {:locale=>[:en], :formats=>[:html], :handlers=>[:erb, :builder, :coffee]}. Searched in:
  * "/Users/nslater/src/ruby/IntegrationDemos/app/views"
):
  app/controllers/service_bus_controller.rb:4:in `receive_event'


  Rendered /usr/local/rvm/gems/ruby-1.9.3-p392@rails3/gems/actionpack-3.2.3/lib/action_dispatch/middleware/templates/rescues/missing_template.erb within rescues/layout (0.3ms)


Started GET "/servicebus/receive-event" for 127.0.0.1 at 2013-10-13 19:58:18 -0700
Processing by ServiceBusController#receive_event as HTML
Completed 500 Internal Server Error in 1ms

ActionView::MissingTemplate (Missing template service_bus/receive_event, application/receive_event with {:locale=>[:en], :formats=>[:html], :handlers=>[:erb, :builder, :coffee]}. Searched in:
  * "/Users/nslater/src/ruby/IntegrationDemos/app/views"
):
  app/controllers/service_bus_controller.rb:4:in `receive_event'


  Rendered /usr/local/rvm/gems/ruby-1.9.3-p392@rails3/gems/actionpack-3.2.3/lib/action_dispatch/middleware/templates/rescues/missing_template.erb within rescues/layout (0.3ms)


Started GET "/servicebus/receive-eve" for 127.0.0.1 at 2013-10-13 19:58:25 -0700

ActionController::RoutingError (No route matches [GET] "/servicebus/receive-eve"):
  actionpack (3.2.3) lib/action_dispatch/middleware/debug_exceptions.rb:21:in `call'
  actionpack (3.2.3) lib/action_dispatch/middleware/show_exceptions.rb:56:in `call'
  railties (3.2.3) lib/rails/rack/logger.rb:26:in `call_app'
  railties (3.2.3) lib/rails/rack/logger.rb:16:in `call'
  actionpack (3.2.3) lib/action_dispatch/middleware/request_id.rb:22:in `call'
  rack (1.4.5) lib/rack/methodoverride.rb:21:in `call'
  rack (1.4.5) lib/rack/runtime.rb:17:in `call'
  activesupport (3.2.3) lib/active_support/cache/strategy/local_cache.rb:72:in `call'
  rack (1.4.5) lib/rack/lock.rb:15:in `call'
  actionpack (3.2.3) lib/action_dispatch/middleware/static.rb:62:in `call'
  railties (3.2.3) lib/rails/engine.rb:479:in `call'
  railties (3.2.3) lib/rails/application.rb:220:in `call'
  rack (1.4.5) lib/rack/content_length.rb:14:in `call'
  railties (3.2.3) lib/rails/rack/log_tailer.rb:14:in `call'
  rack (1.4.5) lib/rack/handler/webrick.rb:59:in `service'
  /usr/local/rvm/rubies/ruby-1.9.3-p392/lib/ruby/1.9.1/webrick/httpserver.rb:138:in `service'
  /usr/local/rvm/rubies/ruby-1.9.3-p392/lib/ruby/1.9.1/webrick/httpserver.rb:94:in `run'
  /usr/local/rvm/rubies/ruby-1.9.3-p392/lib/ruby/1.9.1/webrick/server.rb:191:in `block in start_thread'


  Rendered /usr/local/rvm/gems/ruby-1.9.3-p392@rails3/gems/actionpack-3.2.3/lib/action_dispatch/middleware/templates/rescues/routing_error.erb within rescues/layout (0.5ms)


Started GET "/servicebus/receive-event" for 127.0.0.1 at 2013-10-13 19:58:28 -0700
Processing by ServiceBusController#receive_event as HTML
Completed 500 Internal Server Error in 1ms

ActionView::MissingTemplate (Missing template service_bus/receive_event, application/receive_event with {:locale=>[:en], :formats=>[:html], :handlers=>[:erb, :builder, :coffee]}. Searched in:
  * "/Users/nslater/src/ruby/IntegrationDemos/app/views"
):
  app/controllers/service_bus_controller.rb:4:in `receive_event'


  Rendered /usr/local/rvm/gems/ruby-1.9.3-p392@rails3/gems/actionpack-3.2.3/lib/action_dispatch/middleware/templates/rescues/missing_template.erb within rescues/layout (0.4ms)


Started GET "/servicebus/receive-event" for 127.0.0.1 at 2013-10-13 19:59:03 -0700
Processing by ServiceBusController#receive_event as HTML
  Rendered text template (0.0ms)
Completed 200 OK in 4ms (Views: 4.2ms | ActiveRecord: 0.0ms)


Started POST "/servicebus/receive-event" for 127.0.0.1 at 2013-10-13 20:25:59 -0700
Processing by ServiceBusController#receive_event as XML
  Parameters: {"resource"=>"IntegrationDemos::PurchaseOrder", "id"=>"1", "get_url"=>"http://localhost:3000/purchase_order/1"}
WARNING: Can't verify CSRF token authenticity
  Rendered text template (0.0ms)
Completed 200 OK in 1ms (Views: 0.3ms | ActiveRecord: 0.0ms)


Started POST "/servicebus/receive-event" for 127.0.0.1 at 2013-10-13 20:27:00 -0700
Processing by ServiceBusController#receive_event as XML
  Parameters: {"{\"resource\":\"IntegrationDemos::PurchaseOrder\",\"id\":\"1\",\"get_url\":\"http://localhost:3000/purchase_order/1\"}"=>nil}
WARNING: Can't verify CSRF token authenticity
  Rendered text template (0.0ms)
Completed 200 OK in 0ms (Views: 0.2ms | ActiveRecord: 0.0ms)


Started POST "/servicebus/receive-event" for 127.0.0.1 at 2013-10-13 20:27:53 -0700
Processing by ServiceBusController#receive_event as XML
  Parameters: {"resource"=>"IntegrationDemos::PurchaseOrder", "id"=>"1", "get_url"=>"http://localhost:3000/purchase_order/1", "service_bu"=>{"resource"=>"IntegrationDemos::PurchaseOrder", "id"=>"1", "get_url"=>"http://localhost:3000/purchase_order/1", "controller"=>"service_bus", "action"=>"receive_event"}}
WARNING: Can't verify CSRF token authenticity
  Rendered text template (0.0ms)
Completed 200 OK in 1ms (Views: 0.3ms | ActiveRecord: 0.0ms)


Started POST "/servicebus/receive-event" for 127.0.0.1 at 2013-10-13 20:29:09 -0700
Processing by ServiceBusController#receive_event as XML
  Parameters: {"resource"=>"IntegrationDemos::PurchaseOrder", "id"=>"1", "get_url"=>"http://localhost:3000/purchase_order/1", "service_bu"=>{"resource"=>"IntegrationDemos::PurchaseOrder", "id"=>"1", "get_url"=>"http://localhost:3000/purchase_order/1", "controller"=>"service_bus", "action"=>"receive_event"}}
WARNING: Can't verify CSRF token authenticity
  Rendered text template (0.0ms)
Completed 200 OK in 0ms (Views: 0.2ms | ActiveRecord: 0.0ms)


Started POST "/servicebus/receive-event" for 127.0.0.1 at 2013-10-13 20:37:13 -0700
Processing by ServiceBusController#receive_event as JSON
  Parameters: {"resource"=>"IntegrationDemos::PurchaseOrder", "id"=>"1", "get_url"=>"http://localhost:3000/purchase_order/1", "service_bu"=>{"resource"=>"IntegrationDemos::PurchaseOrder", "id"=>"1", "get_url"=>"http://localhost:3000/purchase_order/1", "controller"=>"service_bus", "action"=>"receive_event"}}
WARNING: Can't verify CSRF token authenticity
  Rendered text template (0.0ms)
Completed 200 OK in 0ms (Views: 0.2ms | ActiveRecord: 0.0ms)


Started POST "/servicebus/receive-event" for 127.0.0.1 at 2013-10-13 20:41:49 -0700
Processing by ServiceBusController#receive_event as JSON
  Parameters: {"resource"=>"IntegrationDemos::PurchaseOrder", "id"=>"1", "get_url"=>"http://localhost:3000/purchase_order/1", "service_bu"=>{"resource"=>"IntegrationDemos::PurchaseOrder", "id"=>"1", "get_url"=>"http://localhost:3000/purchase_order/1", "controller"=>"service_bus", "action"=>"receive_event"}}
WARNING: Can't verify CSRF token authenticity
  Rendered text template (0.0ms)
Completed 200 OK in 0ms (Views: 0.2ms | ActiveRecord: 0.0ms)


Started POST "/servicebus/receive-event" for 127.0.0.1 at 2013-10-13 20:50:00 -0700
Processing by ServiceBusController#receive_event as JSON
  Parameters: {"resource"=>"IntegrationDemos::PurchaseOrder", "id"=>"1", "get_url"=>"http://localhost:3000/purchase_order/1", "service_bu"=>{"resource"=>"IntegrationDemos::PurchaseOrder", "id"=>"1", "get_url"=>"http://localhost:3000/purchase_order/1", "controller"=>"service_bus", "action"=>"receive_event"}}
WARNING: Can't verify CSRF token authenticity
  Rendered text template (0.0ms)
Completed 200 OK in 0ms (Views: 0.2ms | ActiveRecord: 0.0ms)


Started POST "/servicebus/receive-event" for 127.0.0.1 at 2013-10-13 20:51:23 -0700
Processing by ServiceBusController#receive_event as JSON
  Parameters: {"resource"=>"IntegrationDemos::PurchaseOrder", "id"=>"1", "get_url"=>"http://localhost:3000/purchase_order/1", "service_bu"=>{"resource"=>"IntegrationDemos::PurchaseOrder", "id"=>"1", "get_url"=>"http://localhost:3000/purchase_order/1", "controller"=>"service_bus", "action"=>"receive_event"}}
WARNING: Can't verify CSRF token authenticity
  Rendered text template (0.0ms)
Completed 200 OK in 0ms (Views: 0.2ms | ActiveRecord: 0.0ms)


Started POST "/servicebus/receive-event" for 127.0.0.1 at 2013-10-13 20:51:33 -0700
Processing by ServiceBusController#receive_event as JSON
  Parameters: {"resource"=>"IntegrationDemos::PurchaseOrder", "id"=>"1", "get_url"=>"http://localhost:3000/purchase_order/1", "service_bu"=>{"resource"=>"IntegrationDemos::PurchaseOrder", "id"=>"1", "get_url"=>"http://localhost:3000/purchase_order/1", "controller"=>"service_bus", "action"=>"receive_event"}}
WARNING: Can't verify CSRF token authenticity
  Rendered text template (0.0ms)
Completed 200 OK in 0ms (Views: 0.2ms | ActiveRecord: 0.0ms)


Started POST "/servicebus/receive-event" for 127.0.0.1 at 2013-10-13 20:54:19 -0700
Processing by ServiceBusController#receive_event as JSON
  Parameters: {"type"=>"IntegrationDemos::PurchaseOrderStatusChange", "payload"=>{"status"=>"New"}, "resource"=>"IntegrationDemos::PurchaseOrder", "id"=>"1", "get_url"=>"http://localhost:3000/purchase_order/1", "service_bu"=>{"type"=>"IntegrationDemos::PurchaseOrderStatusChange", "payload"=>{"status"=>"New"}, "resource"=>"IntegrationDemos::PurchaseOrder", "id"=>"1", "get_url"=>"http://localhost:3000/purchase_order/1", "controller"=>"service_bus", "action"=>"receive_event"}}
WARNING: Can't verify CSRF token authenticity
  Rendered text template (0.0ms)
Completed 200 OK in 0ms (Views: 0.2ms | ActiveRecord: 0.0ms)


Started GET "/purchase_orders/1" for 127.0.0.1 at 2013-10-20 21:13:22 -0700
Processing by PurchaseOrdersController#show as HTML
  Parameters: {"id"=>"1"}
  [1m[36mPurchaseOrder Load (0.2ms)[0m  [1mSELECT "purchase_orders".* FROM "purchase_orders" WHERE "purchase_orders"."id" = ? LIMIT 1[0m  [["id", "1"]]
  Rendered purchase_orders/show.html.erb within layouts/application (23.0ms)
Completed 200 OK in 132ms (Views: 80.1ms | ActiveRecord: 6.0ms)


Started GET "/assets/custom.css?body=1" for 127.0.0.1 at 2013-10-20 21:13:23 -0700
Served asset /custom.css - 304 Not Modified (9ms)


Started GET "/assets/line_items.css?body=1" for 127.0.0.1 at 2013-10-20 21:13:23 -0700
Served asset /line_items.css - 304 Not Modified (1ms)


Started GET "/assets/scaffolds.css?body=1" for 127.0.0.1 at 2013-10-20 21:13:23 -0700
Served asset /scaffolds.css - 200 OK (1ms)


Started GET "/assets/purchase_orders.css?body=1" for 127.0.0.1 at 2013-10-20 21:13:23 -0700
Served asset /purchase_orders.css - 304 Not Modified (1ms)


Started GET "/assets/application.css?body=1" for 127.0.0.1 at 2013-10-20 21:13:23 -0700
Served asset /application.css - 304 Not Modified (12ms)


Started GET "/assets/jquery.js?body=1" for 127.0.0.1 at 2013-10-20 21:13:23 -0700
Served asset /jquery.js - 304 Not Modified (2ms)


Started GET "/assets/purchase_orders.js?body=1" for 127.0.0.1 at 2013-10-20 21:13:23 -0700
Served asset /purchase_orders.js - 304 Not Modified (1ms)


Started GET "/assets/jquery_ujs.js?body=1" for 127.0.0.1 at 2013-10-20 21:13:23 -0700
Served asset /jquery_ujs.js - 304 Not Modified (1ms)


Started GET "/assets/line_items.js?body=1" for 127.0.0.1 at 2013-10-20 21:13:23 -0700
Served asset /line_items.js - 304 Not Modified (0ms)


Started GET "/assets/application.js?body=1" for 127.0.0.1 at 2013-10-20 21:13:23 -0700
Served asset /application.js - 304 Not Modified (4ms)


Started GET "/purchase_orders/1.json" for 127.0.0.1 at 2013-10-20 21:13:34 -0700
Processing by PurchaseOrdersController#show as JSON
  Parameters: {"id"=>"1"}
  [1m[35mPurchaseOrder Load (0.1ms)[0m  SELECT "purchase_orders".* FROM "purchase_orders" WHERE "purchase_orders"."id" = ? LIMIT 1  [["id", "1"]]
Completed 200 OK in 1ms (Views: 0.5ms | ActiveRecord: 0.1ms)


Started GET "/purchase_orders/1.json" for 127.0.0.1 at 2013-10-20 21:15:40 -0700
Processing by PurchaseOrdersController#show as JSON
  Parameters: {"id"=>"1"}
  [1m[36mPurchaseOrder Load (0.1ms)[0m  [1mSELECT "purchase_orders".* FROM "purchase_orders" WHERE "purchase_orders"."id" = ? LIMIT 1[0m  [["id", "1"]]
Completed 200 OK in 1ms (Views: 0.3ms | ActiveRecord: 0.1ms)


Started GET "/purchase_orders/1.json" for 127.0.0.1 at 2013-10-20 21:19:27 -0700
Processing by PurchaseOrdersController#show as JSON
  Parameters: {"id"=>"1"}
  [1m[35mPurchaseOrder Load (0.1ms)[0m  SELECT "purchase_orders".* FROM "purchase_orders" WHERE "purchase_orders"."id" = ? LIMIT 1  [["id", "1"]]
Completed 200 OK in 1ms (Views: 0.3ms | ActiveRecord: 0.1ms)


Started GET "/purchase_orders/1.json" for 127.0.0.1 at 2013-10-20 21:21:11 -0700
Processing by PurchaseOrdersController#show as JSON
  Parameters: {"id"=>"1"}
  [1m[36mPurchaseOrder Load (0.1ms)[0m  [1mSELECT "purchase_orders".* FROM "purchase_orders" WHERE "purchase_orders"."id" = ? LIMIT 1[0m  [["id", "1"]]
Completed 200 OK in 1ms (Views: 0.3ms | ActiveRecord: 0.1ms)


Started GET "/purchase_orders/1.json" for 127.0.0.1 at 2013-10-20 21:27:22 -0700
Processing by PurchaseOrdersController#show as JSON
  Parameters: {"id"=>"1"}
  [1m[35mPurchaseOrder Load (0.1ms)[0m  SELECT "purchase_orders".* FROM "purchase_orders" WHERE "purchase_orders"."id" = ? LIMIT 1  [["id", "1"]]
Completed 200 OK in 1ms (Views: 0.4ms | ActiveRecord: 0.1ms)


Started GET "/purchase_orders/1.json" for 127.0.0.1 at 2013-10-20 21:34:28 -0700
Processing by PurchaseOrdersController#show as JSON
  Parameters: {"id"=>"1"}
  [1m[36mPurchaseOrder Load (0.1ms)[0m  [1mSELECT "purchase_orders".* FROM "purchase_orders" WHERE "purchase_orders"."id" = ? LIMIT 1[0m  [["id", "1"]]
Completed 200 OK in 1ms (Views: 0.3ms | ActiveRecord: 0.1ms)


Started GET "/purchase_orders/1.json" for 127.0.0.1 at 2013-10-20 21:35:55 -0700
Processing by PurchaseOrdersController#show as JSON
  Parameters: {"id"=>"1"}
  [1m[35mPurchaseOrder Load (0.1ms)[0m  SELECT "purchase_orders".* FROM "purchase_orders" WHERE "purchase_orders"."id" = ? LIMIT 1  [["id", "1"]]
Completed 200 OK in 1ms (Views: 0.3ms | ActiveRecord: 0.1ms)


Started GET "/purchase_orders/1.json" for 127.0.0.1 at 2013-10-20 21:36:04 -0700
Processing by PurchaseOrdersController#show as JSON
  Parameters: {"id"=>"1"}
  [1m[36mPurchaseOrder Load (0.1ms)[0m  [1mSELECT "purchase_orders".* FROM "purchase_orders" WHERE "purchase_orders"."id" = ? LIMIT 1[0m  [["id", "1"]]
Completed 200 OK in 1ms (Views: 0.3ms | ActiveRecord: 0.1ms)


Started GET "/purchase_orders/1.json" for 127.0.0.1 at 2013-10-20 21:36:22 -0700
Processing by PurchaseOrdersController#show as JSON
  Parameters: {"id"=>"1"}
  [1m[35mPurchaseOrder Load (0.1ms)[0m  SELECT "purchase_orders".* FROM "purchase_orders" WHERE "purchase_orders"."id" = ? LIMIT 1  [["id", "1"]]
Completed 200 OK in 1ms (Views: 0.3ms | ActiveRecord: 0.1ms)


Started GET "/purchase_orders/1.json" for 127.0.0.1 at 2013-10-20 21:37:27 -0700
Processing by PurchaseOrdersController#show as JSON
  Parameters: {"id"=>"1"}
  [1m[36mPurchaseOrder Load (0.1ms)[0m  [1mSELECT "purchase_orders".* FROM "purchase_orders" WHERE "purchase_orders"."id" = ? LIMIT 1[0m  [["id", "1"]]
Completed 200 OK in 1ms (Views: 0.4ms | ActiveRecord: 0.1ms)


Started GET "/purchase_orders/1.json" for 127.0.0.1 at 2013-10-20 21:37:35 -0700
Processing by PurchaseOrdersController#show as JSON
  Parameters: {"id"=>"1"}
  [1m[35mPurchaseOrder Load (0.1ms)[0m  SELECT "purchase_orders".* FROM "purchase_orders" WHERE "purchase_orders"."id" = ? LIMIT 1  [["id", "1"]]
Completed 200 OK in 1ms (Views: 0.3ms | ActiveRecord: 0.1ms)


Started GET "/purchase_orders/1.json" for 127.0.0.1 at 2013-10-20 21:37:40 -0700
Processing by PurchaseOrdersController#show as JSON
  Parameters: {"id"=>"1"}
  [1m[36mPurchaseOrder Load (0.1ms)[0m  [1mSELECT "purchase_orders".* FROM "purchase_orders" WHERE "purchase_orders"."id" = ? LIMIT 1[0m  [["id", "1"]]
Completed 200 OK in 1ms (Views: 0.3ms | ActiveRecord: 0.1ms)


Started GET "/purchase_orders/1.json" for 127.0.0.1 at 2013-10-20 21:37:44 -0700
Processing by PurchaseOrdersController#show as JSON
  Parameters: {"id"=>"1"}
  [1m[35mPurchaseOrder Load (0.1ms)[0m  SELECT "purchase_orders".* FROM "purchase_orders" WHERE "purchase_orders"."id" = ? LIMIT 1  [["id", "1"]]
Completed 200 OK in 1ms (Views: 0.3ms | ActiveRecord: 0.1ms)


Started GET "/purchase_orders/1.json" for 127.0.0.1 at 2013-10-20 21:52:21 -0700
Processing by PurchaseOrdersController#show as JSON
  Parameters: {"id"=>"1"}
  [1m[36mPurchaseOrder Load (0.1ms)[0m  [1mSELECT "purchase_orders".* FROM "purchase_orders" WHERE "purchase_orders"."id" = ? LIMIT 1[0m  [["id", "1"]]
Completed 200 OK in 1ms (Views: 0.3ms | ActiveRecord: 0.1ms)


Started GET "/purchase_orders/1.json" for 127.0.0.1 at 2013-10-20 21:54:53 -0700
Processing by PurchaseOrdersController#show as JSON
  Parameters: {"id"=>"1"}
  [1m[35mPurchaseOrder Load (0.1ms)[0m  SELECT "purchase_orders".* FROM "purchase_orders" WHERE "purchase_orders"."id" = ? LIMIT 1  [["id", "1"]]
Completed 200 OK in 1ms (Views: 0.4ms | ActiveRecord: 0.1ms)


Started GET "/purchase_orders/1.json" for 127.0.0.1 at 2013-10-20 21:55:00 -0700
Processing by PurchaseOrdersController#show as JSON
  Parameters: {"id"=>"1"}
  [1m[36mPurchaseOrder Load (0.1ms)[0m  [1mSELECT "purchase_orders".* FROM "purchase_orders" WHERE "purchase_orders"."id" = ? LIMIT 1[0m  [["id", "1"]]
Completed 200 OK in 1ms (Views: 0.3ms | ActiveRecord: 0.1ms)


Started GET "/purchase_orders/1.json" for 127.0.0.1 at 2013-10-20 21:55:05 -0700
Processing by PurchaseOrdersController#show as JSON
  Parameters: {"id"=>"1"}
  [1m[35mPurchaseOrder Load (0.1ms)[0m  SELECT "purchase_orders".* FROM "purchase_orders" WHERE "purchase_orders"."id" = ? LIMIT 1  [["id", "1"]]
Completed 200 OK in 1ms (Views: 0.3ms | ActiveRecord: 0.1ms)


Started GET "/purchase_orders/1.json" for 127.0.0.1 at 2013-10-21 20:21:49 -0700
Processing by PurchaseOrdersController#show as JSON
  Parameters: {"id"=>"1"}
  [1m[36mPurchaseOrder Load (0.1ms)[0m  [1mSELECT "purchase_orders".* FROM "purchase_orders" WHERE "purchase_orders"."id" = ? LIMIT 1[0m  [["id", "1"]]
Completed 200 OK in 1ms (Views: 0.4ms | ActiveRecord: 0.1ms)


Started GET "/purchase_orders/1.json" for 127.0.0.1 at 2013-10-21 20:22:01 -0700
Processing by PurchaseOrdersController#show as JSON
  Parameters: {"id"=>"1"}
  [1m[35mPurchaseOrder Load (0.1ms)[0m  SELECT "purchase_orders".* FROM "purchase_orders" WHERE "purchase_orders"."id" = ? LIMIT 1  [["id", "1"]]
Completed 200 OK in 22ms (Views: 0.3ms | ActiveRecord: 0.1ms)


Started GET "/purchase_orders/1.json" for 127.0.0.1 at 2013-10-21 21:02:40 -0700
Processing by PurchaseOrdersController#show as JSON
  Parameters: {"id"=>"1"}
  [1m[36mPurchaseOrder Load (0.2ms)[0m  [1mSELECT "purchase_orders".* FROM "purchase_orders" WHERE "purchase_orders"."id" = ? LIMIT 1[0m  [["id", "1"]]
Completed 200 OK in 44ms (Views: 1.9ms | ActiveRecord: 2.6ms)


Started GET "/purchase_order/1.json" for 127.0.0.1 at 2013-10-21 21:07:01 -0700

ActionController::RoutingError (No route matches [GET] "/purchase_order/1.json"):
  actionpack (3.2.3) lib/action_dispatch/middleware/debug_exceptions.rb:21:in `call'
  actionpack (3.2.3) lib/action_dispatch/middleware/show_exceptions.rb:56:in `call'
  railties (3.2.3) lib/rails/rack/logger.rb:26:in `call_app'
  railties (3.2.3) lib/rails/rack/logger.rb:16:in `call'
  actionpack (3.2.3) lib/action_dispatch/middleware/request_id.rb:22:in `call'
  rack (1.4.5) lib/rack/methodoverride.rb:21:in `call'
  rack (1.4.5) lib/rack/runtime.rb:17:in `call'
  activesupport (3.2.3) lib/active_support/cache/strategy/local_cache.rb:72:in `call'
  rack (1.4.5) lib/rack/lock.rb:15:in `call'
  actionpack (3.2.3) lib/action_dispatch/middleware/static.rb:62:in `call'
  railties (3.2.3) lib/rails/engine.rb:479:in `call'
  railties (3.2.3) lib/rails/application.rb:220:in `call'
  rack (1.4.5) lib/rack/content_length.rb:14:in `call'
  railties (3.2.3) lib/rails/rack/log_tailer.rb:14:in `call'
  rack (1.4.5) lib/rack/handler/webrick.rb:59:in `service'
  /usr/local/rvm/rubies/ruby-1.9.3-p392/lib/ruby/1.9.1/webrick/httpserver.rb:138:in `service'
  /usr/local/rvm/rubies/ruby-1.9.3-p392/lib/ruby/1.9.1/webrick/httpserver.rb:94:in `run'
  /usr/local/rvm/rubies/ruby-1.9.3-p392/lib/ruby/1.9.1/webrick/server.rb:191:in `block in start_thread'


  Rendered /usr/local/rvm/gems/ruby-1.9.3-p392@rails3/gems/actionpack-3.2.3/lib/action_dispatch/middleware/templates/rescues/routing_error.erb within rescues/layout (3.4ms)


Started GET "/purchase_orders/1.json" for 127.0.0.1 at 2013-10-21 21:08:13 -0700
Processing by PurchaseOrdersController#show as JSON
  Parameters: {"id"=>"1"}
  [1m[35mPurchaseOrder Load (0.1ms)[0m  SELECT "purchase_orders".* FROM "purchase_orders" WHERE "purchase_orders"."id" = ? LIMIT 1  [["id", "1"]]
Completed 200 OK in 1ms (Views: 0.4ms | ActiveRecord: 0.1ms)


Started POST "/servicebus/receive-event" for 127.0.0.1 at 2013-10-21 21:13:01 -0700
Processing by ServiceBusController#receive_event as JSON
  Parameters: {"type"=>"IntegrationDemos::PurchaseOrderStatusChange", "payload"=>{"status"=>"New"}, "resource"=>"IntegrationDemos::PurchaseOrder", "id"=>"1", "get_url"=>"http://localhost:3000/purchase_orders/1.json", "service_bu"=>{"type"=>"IntegrationDemos::PurchaseOrderStatusChange", "payload"=>{"status"=>"New"}, "resource"=>"IntegrationDemos::PurchaseOrder", "id"=>"1", "get_url"=>"http://localhost:3000/purchase_orders/1.json", "controller"=>"service_bus", "action"=>"receive_event"}}
WARNING: Can't verify CSRF token authenticity
Completed 500 Internal Server Error in 1ms

NameError (uninitialized constant ServiceBusController::EventProcessingWorkflow):
  app/controllers/service_bus_controller.rb:6:in `receive_event'


  Rendered /usr/local/rvm/gems/ruby-1.9.3-p392@rails3/gems/actionpack-3.2.3/lib/action_dispatch/middleware/templates/rescues/_trace.erb (1.8ms)
  Rendered /usr/local/rvm/gems/ruby-1.9.3-p392@rails3/gems/actionpack-3.2.3/lib/action_dispatch/middleware/templates/rescues/_request_and_response.erb (0.8ms)
  Rendered /usr/local/rvm/gems/ruby-1.9.3-p392@rails3/gems/actionpack-3.2.3/lib/action_dispatch/middleware/templates/rescues/diagnostics.erb within rescues/layout (8.8ms)


Started POST "/servicebus/receive-event" for 127.0.0.1 at 2013-10-21 21:14:49 -0700
Processing by ServiceBusController#receive_event as JSON
  Parameters: {"type"=>"IntegrationDemos::PurchaseOrderStatusChange", "payload"=>{"status"=>"New"}, "resource"=>"IntegrationDemos::PurchaseOrder", "id"=>"1", "get_url"=>"http://localhost:3000/purchase_orders/1.json", "service_bu"=>{"type"=>"IntegrationDemos::PurchaseOrderStatusChange", "payload"=>{"status"=>"New"}, "resource"=>"IntegrationDemos::PurchaseOrder", "id"=>"1", "get_url"=>"http://localhost:3000/purchase_orders/1.json", "controller"=>"service_bus", "action"=>"receive_event"}}
WARNING: Can't verify CSRF token authenticity
Completed 500 Internal Server Error in 0ms

ArgumentError (wrong number of arguments (1 for 0)):
  app/controllers/service_bus_controller.rb:7:in `receive_event'


  Rendered /usr/local/rvm/gems/ruby-1.9.3-p392@rails3/gems/actionpack-3.2.3/lib/action_dispatch/middleware/templates/rescues/_trace.erb (1.8ms)
  Rendered /usr/local/rvm/gems/ruby-1.9.3-p392@rails3/gems/actionpack-3.2.3/lib/action_dispatch/middleware/templates/rescues/_request_and_response.erb (0.8ms)
  Rendered /usr/local/rvm/gems/ruby-1.9.3-p392@rails3/gems/actionpack-3.2.3/lib/action_dispatch/middleware/templates/rescues/diagnostics.erb within rescues/layout (6.6ms)


Started POST "/servicebus/receive-event" for 127.0.0.1 at 2013-10-21 21:16:29 -0700
Processing by ServiceBusController#receive_event as JSON
  Parameters: {"type"=>"IntegrationDemos::PurchaseOrderStatusChange", "payload"=>{"status"=>"New"}, "resource"=>"IntegrationDemos::PurchaseOrder", "id"=>"1", "get_url"=>"http://localhost:3000/purchase_orders/1.json", "service_bu"=>{"type"=>"IntegrationDemos::PurchaseOrderStatusChange", "payload"=>{"status"=>"New"}, "resource"=>"IntegrationDemos::PurchaseOrder", "id"=>"1", "get_url"=>"http://localhost:3000/purchase_orders/1.json", "controller"=>"service_bus", "action"=>"receive_event"}}
WARNING: Can't verify CSRF token authenticity
Completed 500 Internal Server Error in 0ms

ArgumentError (wrong number of arguments (1 for 0)):
  app/controllers/service_bus_controller.rb:7:in `receive_event'


  Rendered /usr/local/rvm/gems/ruby-1.9.3-p392@rails3/gems/actionpack-3.2.3/lib/action_dispatch/middleware/templates/rescues/_trace.erb (1.8ms)
  Rendered /usr/local/rvm/gems/ruby-1.9.3-p392@rails3/gems/actionpack-3.2.3/lib/action_dispatch/middleware/templates/rescues/_request_and_response.erb (0.8ms)
  Rendered /usr/local/rvm/gems/ruby-1.9.3-p392@rails3/gems/actionpack-3.2.3/lib/action_dispatch/middleware/templates/rescues/diagnostics.erb within rescues/layout (27.8ms)


Started POST "/servicebus/receive-event" for 127.0.0.1 at 2013-10-21 21:16:45 -0700
Processing by ServiceBusController#receive_event as JSON
  Parameters: {"type"=>"IntegrationDemos::PurchaseOrderStatusChange", "payload"=>{"status"=>"New"}, "resource"=>"IntegrationDemos::PurchaseOrder", "id"=>"1", "get_url"=>"http://localhost:3000/purchase_orders/1.json", "service_bu"=>{"type"=>"IntegrationDemos::PurchaseOrderStatusChange", "payload"=>{"status"=>"New"}, "resource"=>"IntegrationDemos::PurchaseOrder", "id"=>"1", "get_url"=>"http://localhost:3000/purchase_orders/1.json", "controller"=>"service_bus", "action"=>"receive_event"}}
WARNING: Can't verify CSRF token authenticity
Completed 500 Internal Server Error in 0ms

ArgumentError (wrong number of arguments (1 for 0)):
  app/controllers/service_bus_controller.rb:7:in `receive_event'


  Rendered /usr/local/rvm/gems/ruby-1.9.3-p392@rails3/gems/actionpack-3.2.3/lib/action_dispatch/middleware/templates/rescues/_trace.erb (1.7ms)
  Rendered /usr/local/rvm/gems/ruby-1.9.3-p392@rails3/gems/actionpack-3.2.3/lib/action_dispatch/middleware/templates/rescues/_request_and_response.erb (0.7ms)
  Rendered /usr/local/rvm/gems/ruby-1.9.3-p392@rails3/gems/actionpack-3.2.3/lib/action_dispatch/middleware/templates/rescues/diagnostics.erb within rescues/layout (6.5ms)


Started POST "/servicebus/receive-event" for 127.0.0.1 at 2013-10-21 21:17:28 -0700
Processing by ServiceBusController#receive_event as JSON
  Parameters: {"type"=>"IntegrationDemos::PurchaseOrderStatusChange", "payload"=>{"status"=>"New"}, "resource"=>"IntegrationDemos::PurchaseOrder", "id"=>"1", "get_url"=>"http://localhost:3000/purchase_orders/1.json", "service_bu"=>{"type"=>"IntegrationDemos::PurchaseOrderStatusChange", "payload"=>{"status"=>"New"}, "resource"=>"IntegrationDemos::PurchaseOrder", "id"=>"1", "get_url"=>"http://localhost:3000/purchase_orders/1.json", "controller"=>"service_bus", "action"=>"receive_event"}}
WARNING: Can't verify CSRF token authenticity
Completed 500 Internal Server Error in 0ms

ArgumentError (wrong number of arguments (1 for 0)):
  app/controllers/service_bus_controller.rb:7:in `receive_event'


  Rendered /usr/local/rvm/gems/ruby-1.9.3-p392@rails3/gems/actionpack-3.2.3/lib/action_dispatch/middleware/templates/rescues/_trace.erb (1.8ms)
  Rendered /usr/local/rvm/gems/ruby-1.9.3-p392@rails3/gems/actionpack-3.2.3/lib/action_dispatch/middleware/templates/rescues/_request_and_response.erb (0.8ms)
  Rendered /usr/local/rvm/gems/ruby-1.9.3-p392@rails3/gems/actionpack-3.2.3/lib/action_dispatch/middleware/templates/rescues/diagnostics.erb within rescues/layout (6.9ms)


Started POST "/servicebus/receive-event" for 127.0.0.1 at 2013-10-21 21:18:57 -0700
Processing by ServiceBusController#receive_event as JSON
  Parameters: {"type"=>"IntegrationDemos::PurchaseOrderStatusChange", "payload"=>{"status"=>"New"}, "resource"=>"IntegrationDemos::PurchaseOrder", "id"=>"1", "get_url"=>"http://localhost:3000/purchase_orders/1.json", "service_bu"=>{"type"=>"IntegrationDemos::PurchaseOrderStatusChange", "payload"=>{"status"=>"New"}, "resource"=>"IntegrationDemos::PurchaseOrder", "id"=>"1", "get_url"=>"http://localhost:3000/purchase_orders/1.json", "controller"=>"service_bus", "action"=>"receive_event"}}
WARNING: Can't verify CSRF token authenticity
Completed 500 Internal Server Error in 548ms

NoMethodError (undefined method `[]' for nil:NilClass):
  app/controllers/service_bus_controller.rb:8:in `receive_event'


  Rendered /usr/local/rvm/gems/ruby-1.9.3-p392@rails3/gems/actionpack-3.2.3/lib/action_dispatch/middleware/templates/rescues/_trace.erb (1.7ms)
  Rendered /usr/local/rvm/gems/ruby-1.9.3-p392@rails3/gems/actionpack-3.2.3/lib/action_dispatch/middleware/templates/rescues/_request_and_response.erb (0.8ms)
  Rendered /usr/local/rvm/gems/ruby-1.9.3-p392@rails3/gems/actionpack-3.2.3/lib/action_dispatch/middleware/templates/rescues/diagnostics.erb within rescues/layout (6.6ms)


Started POST "/servicebus/receive-event" for 127.0.0.1 at 2013-10-21 21:19:29 -0700
Processing by ServiceBusController#receive_event as JSON
  Parameters: {"type"=>"IntegrationDemos::PurchaseOrderStatusChange", "payload"=>{"status"=>"New"}, "resource"=>"IntegrationDemos::PurchaseOrder", "id"=>"1", "get_url"=>"http://localhost:3000/purchase_orders/1.json", "service_bu"=>{"type"=>"IntegrationDemos::PurchaseOrderStatusChange", "payload"=>{"status"=>"New"}, "resource"=>"IntegrationDemos::PurchaseOrder", "id"=>"1", "get_url"=>"http://localhost:3000/purchase_orders/1.json", "controller"=>"service_bus", "action"=>"receive_event"}}
WARNING: Can't verify CSRF token authenticity
Completed 500 Internal Server Error in 292ms

JSON::GeneratorError (only generation of JSON objects or arrays allowed):
  app/controllers/service_bus_controller.rb:8:in `receive_event'


  Rendered /usr/local/rvm/gems/ruby-1.9.3-p392@rails3/gems/actionpack-3.2.3/lib/action_dispatch/middleware/templates/rescues/_trace.erb (1.8ms)
  Rendered /usr/local/rvm/gems/ruby-1.9.3-p392@rails3/gems/actionpack-3.2.3/lib/action_dispatch/middleware/templates/rescues/_request_and_response.erb (0.8ms)
  Rendered /usr/local/rvm/gems/ruby-1.9.3-p392@rails3/gems/actionpack-3.2.3/lib/action_dispatch/middleware/templates/rescues/diagnostics.erb within rescues/layout (31.9ms)


Started POST "/servicebus/receive-event" for 127.0.0.1 at 2013-10-21 21:20:31 -0700
Processing by ServiceBusController#receive_event as JSON
  Parameters: {"type"=>"IntegrationDemos::PurchaseOrderStatusChange", "payload"=>{"status"=>"New"}, "resource"=>"IntegrationDemos::PurchaseOrder", "id"=>"1", "get_url"=>"http://localhost:3000/purchase_orders/1.json", "service_bu"=>{"type"=>"IntegrationDemos::PurchaseOrderStatusChange", "payload"=>{"status"=>"New"}, "resource"=>"IntegrationDemos::PurchaseOrder", "id"=>"1", "get_url"=>"http://localhost:3000/purchase_orders/1.json", "controller"=>"service_bus", "action"=>"receive_event"}}
WARNING: Can't verify CSRF token authenticity
  Rendered text template (0.0ms)
Completed 200 OK in 530ms (Views: 4.8ms | ActiveRecord: 0.0ms)


Started POST "/servicebus/receive-event" for 127.0.0.1 at 2013-10-21 21:27:25 -0700
Processing by ServiceBusController#receive_event as JSON
  Parameters: {"type"=>"IntegrationDemos::PurchaseOrderStatusChange", "payload"=>{"status"=>"New"}, "resource"=>"IntegrationDemos::PurchaseOrder", "id"=>"1", "get_url"=>"http://localhost:3000/purchase_orders/1.json"}
WARNING: Can't verify CSRF token authenticity
  Rendered text template (0.0ms)
Completed 200 OK in 521ms (Views: 0.7ms | ActiveRecord: 0.0ms)


Started POST "/servicebus/receive-event" for 127.0.0.1 at 2013-10-21 21:28:20 -0700
Processing by ServiceBusController#receive_event as JSON
  Parameters: {"type"=>"IntegrationDemos::PurchaseOrderStatusChange", "payload"=>{"status"=>"New"}, "resource"=>"IntegrationDemos::PurchaseOrder", "id"=>"1", "get_url"=>"http://localhost:3000/purchase_orders/1.json"}
WARNING: Can't verify CSRF token authenticity
  Rendered text template (0.0ms)
Completed 200 OK in 531ms (Views: 0.7ms | ActiveRecord: 0.0ms)


Started POST "/servicebus/receive-event" for 127.0.0.1 at 2013-10-21 21:31:26 -0700
Processing by ServiceBusController#receive_event as JSON
  Parameters: {"type"=>"IntegrationDemos::PurchaseOrderStatusChange", "payload"=>{"status"=>"New"}, "resource"=>"IntegrationDemos::PurchaseOrder", "id"=>"1", "get_url"=>"http://localhost:3000/purchase_orders/1.json"}
WARNING: Can't verify CSRF token authenticity
  Rendered text template (0.0ms)
Completed 200 OK in 829ms (Views: 0.5ms | ActiveRecord: 0.0ms)


Started POST "/servicebus/receive-event" for 127.0.0.1 at 2013-10-21 21:33:15 -0700
Processing by ServiceBusController#receive_event as JSON
  Parameters: {"type"=>"IntegrationDemos::PurchaseOrderStatusChange", "payload"=>{"status"=>"New"}, "resource"=>"IntegrationDemos::PurchaseOrder", "id"=>"1", "get_url"=>"http://localhost:3000/purchase_orders/1.json"}
WARNING: Can't verify CSRF token authenticity
  Rendered text template (0.0ms)
Completed 200 OK in 936ms (Views: 0.4ms | ActiveRecord: 0.0ms)


Started POST "/servicebus/receive-event" for 127.0.0.1 at 2013-10-21 21:34:54 -0700
Processing by ServiceBusController#receive_event as JSON
  Parameters: {"type"=>"IntegrationDemos::PurchaseOrderStatusChange", "payload"=>{"status"=>"New"}, "resource"=>"IntegrationDemos::PurchaseOrder", "id"=>"1", "get_url"=>"http://localhost:3000/purchase_orders/1.json"}
WARNING: Can't verify CSRF token authenticity
  Rendered text template (0.0ms)
Completed 200 OK in 830ms (Views: 0.4ms | ActiveRecord: 0.0ms)


Started POST "/servicebus/receive-event" for 127.0.0.1 at 2013-10-21 21:37:51 -0700
Processing by ServiceBusController#receive_event as JSON
  Parameters: {"type"=>"IntegrationDemos::PurchaseOrderStatusChange", "payload"=>{"status"=>"New"}, "resource"=>"IntegrationDemos::PurchaseOrder", "id"=>"1", "get_url"=>"http://localhost:3000/purchase_orders/1.json"}
WARNING: Can't verify CSRF token authenticity
  Rendered text template (0.0ms)
Completed 200 OK in 856ms (Views: 0.6ms | ActiveRecord: 0.0ms)


Started GET "/purchase_orders/1.json" for 127.0.0.1 at 2013-10-21 21:39:17 -0700
Processing by PurchaseOrdersController#show as JSON
  Parameters: {"id"=>"1"}
  [1m[36mPurchaseOrder Load (0.1ms)[0m  [1mSELECT "purchase_orders".* FROM "purchase_orders" WHERE "purchase_orders"."id" = ? LIMIT 1[0m  [["id", "1"]]
Completed 200 OK in 6ms (Views: 0.5ms | ActiveRecord: 0.5ms)


Started POST "/servicebus/receive-event" for 127.0.0.1 at 2013-10-21 21:39:49 -0700
Processing by ServiceBusController#receive_event as JSON
  Parameters: {"type"=>"IntegrationDemos::PurchaseOrderStatusChange", "payload"=>{"status"=>"New"}, "resource"=>"IntegrationDemos::PurchaseOrder", "id"=>"1", "get_url"=>"http://localhost:3000/purchase_orders/1.json"}
WARNING: Can't verify CSRF token authenticity
  Rendered text template (0.0ms)
Completed 200 OK in 843ms (Views: 0.5ms | ActiveRecord: 0.0ms)


Started GET "/purchase_orders/1.json" for 127.0.0.1 at 2013-10-21 21:39:51 -0700
Processing by PurchaseOrdersController#show as JSON
  Parameters: {"id"=>"1"}
  [1m[35mPurchaseOrder Load (0.1ms)[0m  SELECT "purchase_orders".* FROM "purchase_orders" WHERE "purchase_orders"."id" = ? LIMIT 1  [["id", "1"]]
Completed 200 OK in 1ms (Views: 0.4ms | ActiveRecord: 0.1ms)


Started POST "/servicebus/receive-event" for 127.0.0.1 at 2013-10-28 21:25:01 -0700
Processing by ServiceBusController#receive_event as JSON
  Parameters: {"type"=>"IntegrationDemos::Events::PurchaseOrderStatusChange", "payload"=>{"status"=>"New"}, "resource"=>"IntegrationDemos::Resources::PurchaseOrder", "id"=>"1", "get_url"=>"http://localhost:3000/purchase_orders/1.json"}
WARNING: Can't verify CSRF token authenticity
  Rendered text template (0.0ms)
Completed 200 OK in 1122ms (Views: 32.8ms | ActiveRecord: 0.0ms)


Started GET "/purchase_orders/1.json" for 127.0.0.1 at 2013-10-28 21:29:05 -0700
Processing by PurchaseOrdersController#show as JSON
  Parameters: {"id"=>"1"}
  [1m[36mPurchaseOrder Load (0.6ms)[0m  [1mSELECT "purchase_orders".* FROM "purchase_orders" WHERE "purchase_orders"."id" = ? LIMIT 1[0m  [["id", "1"]]
Completed 200 OK in 62ms (Views: 1.9ms | ActiveRecord: 6.0ms)


Started POST "/servicebus/receive-event" for 127.0.0.1 at 2013-10-28 21:30:03 -0700
Processing by ServiceBusController#receive_event as JSON
  Parameters: {"type"=>"IntegrationDemos::Events::PurchaseOrderStatusChange", "payload"=>{"status"=>"New"}, "resource"=>"IntegrationDemos::Resources::PurchaseOrder", "id"=>"1", "get_url"=>"http://localhost:3000/purchase_orders/1.json"}
WARNING: Can't verify CSRF token authenticity
  Rendered text template (0.0ms)
Completed 200 OK in 885ms (Views: 0.5ms | ActiveRecord: 0.0ms)


Started GET "/purchase_orders/1.json" for 127.0.0.1 at 2013-10-28 21:30:05 -0700
Processing by PurchaseOrdersController#show as JSON
  Parameters: {"id"=>"1"}
  [1m[35mPurchaseOrder Load (0.4ms)[0m  SELECT "purchase_orders".* FROM "purchase_orders" WHERE "purchase_orders"."id" = ? LIMIT 1  [["id", "1"]]
Completed 200 OK in 1ms (Views: 0.4ms | ActiveRecord: 0.4ms)


Started POST "/servicebus/receive-event" for 127.0.0.1 at 2013-10-28 21:30:40 -0700
Processing by ServiceBusController#receive_event as JSON
  Parameters: {"type"=>"IntegrationDemos::Events::PurchaseOrderStatusChange", "payload"=>{"status"=>"New"}, "resource"=>"IntegrationDemos::Resources::PurchaseOrder", "id"=>"1", "get_url"=>"http://localhost:3000/purchase_orders/1.json"}
WARNING: Can't verify CSRF token authenticity
  Rendered text template (0.0ms)
Completed 200 OK in 546ms (Views: 0.4ms | ActiveRecord: 0.0ms)


Started GET "/purchase_orders/1.json" for 127.0.0.1 at 2013-10-28 21:30:41 -0700
Processing by PurchaseOrdersController#show as JSON
  Parameters: {"id"=>"1"}
  [1m[36mPurchaseOrder Load (0.5ms)[0m  [1mSELECT "purchase_orders".* FROM "purchase_orders" WHERE "purchase_orders"."id" = ? LIMIT 1[0m  [["id", "1"]]
Completed 200 OK in 2ms (Views: 0.4ms | ActiveRecord: 0.5ms)
